{"D:\\@StaffGrid\\G17_StaffGrid\\frontend\\src\\components\\RegisterEmp.jsx": {"path":"D:\\@StaffGrid\\G17_StaffGrid\\frontend\\src\\components\\RegisterEmp.jsx","statementMap":{"0":{"start":{"line":8,"column":34},"end":{"line":8,"column":80}},"1":{"start":{"line":11,"column":20},"end":{"line":131,"column":1}},"2":{"start":{"line":12,"column":19},"end":{"line":12,"column":32}},"3":{"start":{"line":14,"column":58},"end":{"line":14,"column":67}},"4":{"start":{"line":17,"column":24},"end":{"line":28,"column":3}},"5":{"start":{"line":19,"column":4},"end":{"line":27,"column":5}},"6":{"start":{"line":20,"column":23},"end":{"line":22,"column":7}},"7":{"start":{"line":23,"column":6},"end":{"line":23,"column":99}},"8":{"start":{"line":25,"column":6},"end":{"line":25,"column":54}},"9":{"start":{"line":26,"column":6},"end":{"line":26,"column":19}},"10":{"start":{"line":30,"column":24},"end":{"line":60,"column":3}},"11":{"start":{"line":31,"column":18},"end":{"line":31,"column":38}},"12":{"start":{"line":34,"column":25},"end":{"line":34,"column":55}},"13":{"start":{"line":35,"column":4},"end":{"line":35,"column":29}},"14":{"start":{"line":36,"column":4},"end":{"line":39,"column":5}},"15":{"start":{"line":37,"column":6},"end":{"line":37,"column":92}},"16":{"start":{"line":38,"column":6},"end":{"line":38,"column":13}},"17":{"start":{"line":41,"column":4},"end":{"line":41,"column":23}},"18":{"start":{"line":42,"column":4},"end":{"line":59,"column":5}},"19":{"start":{"line":43,"column":25},"end":{"line":52,"column":10}},"20":{"start":{"line":53,"column":8},"end":{"line":53,"column":68}},"21":{"start":{"line":55,"column":8},"end":{"line":55,"column":85}},"22":{"start":{"line":56,"column":8},"end":{"line":58,"column":9}},"23":{"start":{"line":57,"column":10},"end":{"line":57,"column":33}},"24":{"start":{"line":62,"column":2},"end":{"line":130,"column":4}},"25":{"start":{"line":118,"column":33},"end":{"line":118,"column":148}}},"fnMap":{"0":{"name":"(anonymous_0)","decl":{"start":{"line":11,"column":20},"end":{"line":11,"column":21}},"loc":{"start":{"line":11,"column":26},"end":{"line":131,"column":1}},"line":11},"1":{"name":"(anonymous_1)","decl":{"start":{"line":17,"column":24},"end":{"line":17,"column":25}},"loc":{"start":{"line":17,"column":41},"end":{"line":28,"column":3}},"line":17},"2":{"name":"(anonymous_2)","decl":{"start":{"line":30,"column":24},"end":{"line":30,"column":25}},"loc":{"start":{"line":30,"column":40},"end":{"line":60,"column":3}},"line":30},"3":{"name":"(anonymous_3)","decl":{"start":{"line":118,"column":24},"end":{"line":118,"column":25}},"loc":{"start":{"line":118,"column":33},"end":{"line":118,"column":148}},"line":118}},"branchMap":{"0":{"loc":{"start":{"line":23,"column":13},"end":{"line":23,"column":98}},"type":"binary-expr","locations":[{"start":{"line":23,"column":13},"end":{"line":23,"column":48}},{"start":{"line":23,"column":52},"end":{"line":23,"column":98}}],"line":23},"1":{"loc":{"start":{"line":36,"column":4},"end":{"line":39,"column":5}},"type":"if","locations":[{"start":{"line":36,"column":4},"end":{"line":39,"column":5}},{"start":{},"end":{}}],"line":36},"2":{"loc":{"start":{"line":55,"column":31},"end":{"line":55,"column":83}},"type":"cond-expr","locations":[{"start":{"line":55,"column":48},"end":{"line":55,"column":67}},{"start":{"line":55,"column":70},"end":{"line":55,"column":83}}],"line":55},"3":{"loc":{"start":{"line":56,"column":8},"end":{"line":58,"column":9}},"type":"if","locations":[{"start":{"line":56,"column":8},"end":{"line":58,"column":9}},{"start":{},"end":{}}],"line":56},"4":{"loc":{"start":{"line":88,"column":9},"end":{"line":88,"column":78}},"type":"binary-expr","locations":[{"start":{"line":88,"column":9},"end":{"line":88,"column":20}},{"start":{"line":88,"column":24},"end":{"line":88,"column":78}}],"line":88},"5":{"loc":{"start":{"line":107,"column":9},"end":{"line":107,"column":78}},"type":"binary-expr","locations":[{"start":{"line":107,"column":9},"end":{"line":107,"column":20}},{"start":{"line":107,"column":24},"end":{"line":107,"column":78}}],"line":107},"6":{"loc":{"start":{"line":118,"column":33},"end":{"line":118,"column":148}},"type":"binary-expr","locations":[{"start":{"line":118,"column":33},"end":{"line":118,"column":92}},{"start":{"line":118,"column":96},"end":{"line":118,"column":148}}],"line":118},"7":{"loc":{"start":{"line":123,"column":9},"end":{"line":123,"column":78}},"type":"binary-expr","locations":[{"start":{"line":123,"column":9},"end":{"line":123,"column":20}},{"start":{"line":123,"column":24},"end":{"line":123,"column":78}}],"line":123}},"s":{"0":1,"1":1,"2":8,"3":8,"4":8,"5":2,"6":2,"7":2,"8":0,"9":0,"10":8,"11":2,"12":2,"13":2,"14":2,"15":1,"16":1,"17":1,"18":1,"19":1,"20":1,"21":0,"22":0,"23":0,"24":8,"25":4},"f":{"0":8,"1":2,"2":2,"3":4},"b":{"0":[2,2],"1":[1,1],"2":[0,0],"3":[0,0],"4":[8,1],"5":[8,1],"6":[4,0],"7":[8,0]},"_coverageSchema":"1a1c01bbd47fc00a2c39e90264f33305004495a9","hash":"8d81bd845cdf16ecd023540b3991a3a1b51d3fb4"}
,"D:\\@StaffGrid\\G17_StaffGrid\\frontend\\src\\components\\Salary.jsx": {"path":"D:\\@StaffGrid\\G17_StaffGrid\\frontend\\src\\components\\Salary.jsx","statementMap":{"0":{"start":{"line":5,"column":15},"end":{"line":87,"column":1}},"1":{"start":{"line":6,"column":69},"end":{"line":6,"column":78}},"2":{"start":{"line":8,"column":48},"end":{"line":11,"column":4}},"3":{"start":{"line":13,"column":19},"end":{"line":15,"column":3}},"4":{"start":{"line":14,"column":4},"end":{"line":14,"column":38}},"5":{"start":{"line":17,"column":2},"end":{"line":86,"column":4}},"6":{"start":{"line":26,"column":12},"end":{"line":69,"column":18}},"7":{"start":{"line":65,"column":31},"end":{"line":65,"column":44}},"8":{"start":{"line":74,"column":27},"end":{"line":74,"column":76}}},"fnMap":{"0":{"name":"(anonymous_0)","decl":{"start":{"line":5,"column":15},"end":{"line":5,"column":16}},"loc":{"start":{"line":5,"column":21},"end":{"line":87,"column":1}},"line":5},"1":{"name":"(anonymous_1)","decl":{"start":{"line":13,"column":19},"end":{"line":13,"column":20}},"loc":{"start":{"line":13,"column":35},"end":{"line":15,"column":3}},"line":13},"2":{"name":"(anonymous_2)","decl":{"start":{"line":25,"column":25},"end":{"line":25,"column":26}},"loc":{"start":{"line":26,"column":12},"end":{"line":69,"column":18}},"line":26},"3":{"name":"(anonymous_3)","decl":{"start":{"line":65,"column":25},"end":{"line":65,"column":26}},"loc":{"start":{"line":65,"column":31},"end":{"line":65,"column":44}},"line":65},"4":{"name":"(anonymous_4)","decl":{"start":{"line":74,"column":21},"end":{"line":74,"column":22}},"loc":{"start":{"line":74,"column":27},"end":{"line":74,"column":76}},"line":74}},"branchMap":{"0":{"loc":{"start":{"line":35,"column":15},"end":{"line":37,"column":15}},"type":"binary-expr","locations":[{"start":{"line":35,"column":15},"end":{"line":35,"column":52}},{"start":{"line":36,"column":16},"end":{"line":36,"column":93}}],"line":35},"1":{"loc":{"start":{"line":45,"column":15},"end":{"line":47,"column":15}},"type":"binary-expr","locations":[{"start":{"line":45,"column":15},"end":{"line":45,"column":48}},{"start":{"line":46,"column":16},"end":{"line":46,"column":89}}],"line":45},"2":{"loc":{"start":{"line":58,"column":15},"end":{"line":60,"column":15}},"type":"binary-expr","locations":[{"start":{"line":58,"column":15},"end":{"line":58,"column":47}},{"start":{"line":59,"column":16},"end":{"line":59,"column":88}}],"line":58}},"s":{"0":1,"1":21,"2":20,"3":20,"4":5,"5":20,"6":12,"7":3,"8":9},"f":{"0":21,"1":5,"2":12,"3":3,"4":9},"b":{"0":[12,0],"1":[12,0],"2":[12,0]},"_coverageSchema":"1a1c01bbd47fc00a2c39e90264f33305004495a9","hash":"89b33477715350bcb8dc6f418dac0eb92b08c4b0"}
,"D:\\@StaffGrid\\G17_StaffGrid\\frontend\\src\\components\\UploadProject.jsx": {"path":"D:\\@StaffGrid\\G17_StaffGrid\\frontend\\src\\components\\UploadProject.jsx","statementMap":{"0":{"start":{"line":6,"column":22},"end":{"line":150,"column":1}},"1":{"start":{"line":7,"column":69},"end":{"line":7,"column":78}},"2":{"start":{"line":9,"column":92},"end":{"line":12,"column":4}},"3":{"start":{"line":14,"column":74},"end":{"line":17,"column":4}},"4":{"start":{"line":19,"column":19},"end":{"line":21,"column":3}},"5":{"start":{"line":20,"column":4},"end":{"line":20,"column":36}},"6":{"start":{"line":23,"column":2},"end":{"line":149,"column":4}},"7":{"start":{"line":56,"column":14},"end":{"line":68,"column":20}},"8":{"start":{"line":67,"column":53},"end":{"line":67,"column":76}},"9":{"start":{"line":70,"column":49},"end":{"line":70,"column":77}},"10":{"start":{"line":78,"column":14},"end":{"line":117,"column":20}},"11":{"start":{"line":116,"column":53},"end":{"line":116,"column":70}},"12":{"start":{"line":119,"column":49},"end":{"line":119,"column":159}}},"fnMap":{"0":{"name":"(anonymous_0)","decl":{"start":{"line":6,"column":22},"end":{"line":6,"column":23}},"loc":{"start":{"line":6,"column":28},"end":{"line":150,"column":1}},"line":6},"1":{"name":"(anonymous_1)","decl":{"start":{"line":19,"column":19},"end":{"line":19,"column":20}},"loc":{"start":{"line":19,"column":35},"end":{"line":21,"column":3}},"line":19},"2":{"name":"(anonymous_2)","decl":{"start":{"line":55,"column":33},"end":{"line":55,"column":34}},"loc":{"start":{"line":56,"column":14},"end":{"line":68,"column":20}},"line":56},"3":{"name":"(anonymous_3)","decl":{"start":{"line":67,"column":47},"end":{"line":67,"column":48}},"loc":{"start":{"line":67,"column":53},"end":{"line":67,"column":76}},"line":67},"4":{"name":"(anonymous_4)","decl":{"start":{"line":70,"column":43},"end":{"line":70,"column":44}},"loc":{"start":{"line":70,"column":49},"end":{"line":70,"column":77}},"line":70},"5":{"name":"(anonymous_5)","decl":{"start":{"line":77,"column":29},"end":{"line":77,"column":30}},"loc":{"start":{"line":78,"column":14},"end":{"line":117,"column":20}},"line":78},"6":{"name":"(anonymous_6)","decl":{"start":{"line":116,"column":47},"end":{"line":116,"column":48}},"loc":{"start":{"line":116,"column":53},"end":{"line":116,"column":70}},"line":116},"7":{"name":"(anonymous_7)","decl":{"start":{"line":119,"column":43},"end":{"line":119,"column":44}},"loc":{"start":{"line":119,"column":49},"end":{"line":119,"column":159}},"line":119}},"branchMap":{"0":{"loc":{"start":{"line":38,"column":13},"end":{"line":38,"column":84}},"type":"binary-expr","locations":[{"start":{"line":38,"column":13},"end":{"line":38,"column":25}},{"start":{"line":38,"column":29},"end":{"line":38,"column":84}}],"line":38},"1":{"loc":{"start":{"line":49,"column":13},"end":{"line":49,"column":96}},"type":"binary-expr","locations":[{"start":{"line":49,"column":13},"end":{"line":49,"column":31}},{"start":{"line":49,"column":35},"end":{"line":49,"column":96}}],"line":49},"2":{"loc":{"start":{"line":63,"column":17},"end":{"line":65,"column":17}},"type":"binary-expr","locations":[{"start":{"line":63,"column":17},"end":{"line":63,"column":48}},{"start":{"line":64,"column":18},"end":{"line":64,"column":89}}],"line":63},"3":{"loc":{"start":{"line":86,"column":17},"end":{"line":88,"column":17}},"type":"binary-expr","locations":[{"start":{"line":86,"column":17},"end":{"line":86,"column":49}},{"start":{"line":87,"column":18},"end":{"line":87,"column":90}}],"line":86},"4":{"loc":{"start":{"line":100,"column":17},"end":{"line":102,"column":17}},"type":"binary-expr","locations":[{"start":{"line":100,"column":17},"end":{"line":100,"column":54}},{"start":{"line":101,"column":18},"end":{"line":101,"column":94}}],"line":100}},"s":{"0":1,"1":15,"2":15,"3":15,"4":15,"5":1,"6":15,"7":3,"8":1,"9":2,"10":3,"11":1,"12":2},"f":{"0":15,"1":1,"2":3,"3":1,"4":2,"5":3,"6":1,"7":2},"b":{"0":[15,2],"1":[15,2],"2":[3,1],"3":[3,1],"4":[3,1]},"_coverageSchema":"1a1c01bbd47fc00a2c39e90264f33305004495a9","hash":"5685233fd576ed57cffc0028dd631788ee8e8dfa"}
}
