TN:
SF:src\components\RegisterEmp.jsx
FN:11,(anonymous_0)
FN:17,(anonymous_1)
FN:30,(anonymous_2)
FN:118,(anonymous_3)
FNF:4
FNH:4
FNDA:8,(anonymous_0)
FNDA:2,(anonymous_1)
FNDA:2,(anonymous_2)
FNDA:4,(anonymous_3)
DA:8,1
DA:11,1
DA:12,8
DA:14,8
DA:17,8
DA:19,2
DA:20,2
DA:23,2
DA:25,0
DA:26,0
DA:30,8
DA:31,2
DA:34,2
DA:35,2
DA:36,2
DA:37,1
DA:38,1
DA:41,1
DA:42,1
DA:43,1
DA:53,1
DA:55,0
DA:56,0
DA:57,0
DA:62,8
DA:118,4
LF:26
LH:21
BRDA:23,0,0,2
BRDA:23,0,1,2
BRDA:36,1,0,1
BRDA:36,1,1,1
BRDA:55,2,0,0
BRDA:55,2,1,0
BRDA:56,3,0,0
BRDA:56,3,1,0
BRDA:88,4,0,8
BRDA:88,4,1,1
BRDA:107,5,0,8
BRDA:107,5,1,1
BRDA:118,6,0,4
BRDA:118,6,1,0
BRDA:123,7,0,8
BRDA:123,7,1,0
BRF:16
BRH:10
end_of_record
TN:
SF:src\components\Salary.jsx
FN:5,(anonymous_0)
FN:13,(anonymous_1)
FN:25,(anonymous_2)
FN:65,(anonymous_3)
FN:74,(anonymous_4)
FNF:5
FNH:5
FNDA:21,(anonymous_0)
FNDA:5,(anonymous_1)
FNDA:12,(anonymous_2)
FNDA:3,(anonymous_3)
FNDA:9,(anonymous_4)
DA:5,1
DA:6,21
DA:8,20
DA:13,20
DA:14,5
DA:17,20
DA:26,12
DA:65,3
DA:74,9
LF:9
LH:9
BRDA:35,0,0,12
BRDA:35,0,1,0
BRDA:45,1,0,12
BRDA:45,1,1,0
BRDA:58,2,0,12
BRDA:58,2,1,0
BRF:6
BRH:3
end_of_record
TN:
SF:src\components\UploadProject.jsx
FN:6,(anonymous_0)
FN:19,(anonymous_1)
FN:55,(anonymous_2)
FN:67,(anonymous_3)
FN:70,(anonymous_4)
FN:77,(anonymous_5)
FN:116,(anonymous_6)
FN:119,(anonymous_7)
FNF:8
FNH:8
FNDA:15,(anonymous_0)
FNDA:1,(anonymous_1)
FNDA:3,(anonymous_2)
FNDA:1,(anonymous_3)
FNDA:2,(anonymous_4)
FNDA:3,(anonymous_5)
FNDA:1,(anonymous_6)
FNDA:2,(anonymous_7)
DA:6,1
DA:7,15
DA:9,15
DA:14,15
DA:19,15
DA:20,1
DA:23,15
DA:56,3
DA:67,1
DA:70,2
DA:78,3
DA:116,1
DA:119,2
LF:13
LH:13
BRDA:38,0,0,15
BRDA:38,0,1,2
BRDA:49,1,0,15
BRDA:49,1,1,2
BRDA:63,2,0,3
BRDA:63,2,1,1
BRDA:86,3,0,3
BRDA:86,3,1,1
BRDA:100,4,0,3
BRDA:100,4,1,1
BRF:10
BRH:10
end_of_record
